<?xml version="1.0" encoding="UTF-8"?>
<testng-results ignored="0" total="3" passed="1" failed="1" skipped="1">
  <reporter-output>
  </reporter-output>
  <suite started-at="2024-05-31T10:27:05 IST" name="Default suite" finished-at="2024-05-31T10:27:16 IST" duration-ms="11229">
    <groups>
    </groups>
    <test started-at="2024-05-31T10:27:05 IST" name="Default test" finished-at="2024-05-31T10:27:16 IST" duration-ms="11229">
      <class name="extentReport.ExtentREportWithScreenShot">
        <test-method is-config="true" signature="beforeClass()[pri:0, instance:extentReport.ExtentREportWithScreenShot@51e69659]" started-at="2024-05-31T10:27:05 IST" name="beforeClass" finished-at="2024-05-31T10:27:07 IST" duration-ms="1546" status="PASS">
          <reporter-output>
          </reporter-output>
        </test-method> <!-- beforeClass -->
        <test-method is-config="true" signature="beforeMethod()[pri:0, instance:extentReport.ExtentREportWithScreenShot@51e69659]" started-at="2024-05-31T10:27:07 IST" name="beforeMethod" finished-at="2024-05-31T10:27:07 IST" duration-ms="1" status="PASS">
          <reporter-output>
          </reporter-output>
        </test-method> <!-- beforeMethod -->
        <test-method signature="dwsLoginWrong()[pri:0, instance:extentReport.ExtentREportWithScreenShot@51e69659]" started-at="2024-05-31T10:27:07 IST" name="dwsLoginWrong" finished-at="2024-05-31T10:27:12 IST" duration-ms="5194" status="FAIL">
          <exception class="java.lang.AssertionError">
            <message>
              <![CDATA[expected [142] but found [123]]]>
            </message>
            <full-stacktrace>
              <![CDATA[java.lang.AssertionError: expected [142] but found [123]
at org.testng.Assert.fail(Assert.java:99)
at org.testng.Assert.failNotEquals(Assert.java:1037)
at org.testng.Assert.assertEqualsImpl(Assert.java:140)
at org.testng.Assert.assertEquals(Assert.java:122)
at org.testng.Assert.assertEquals(Assert.java:629)
at org.testng.Assert.assertEquals(Assert.java:639)
at extentReport.ExtentREportWithScreenShot.dwsLoginWrong(ExtentREportWithScreenShot.java:52)
at java.base/jdk.internal.reflect.NativeMethodAccessorImpl.invoke0(Native Method)
at java.base/jdk.internal.reflect.NativeMethodAccessorImpl.invoke(NativeMethodAccessorImpl.java:77)
at java.base/jdk.internal.reflect.DelegatingMethodAccessorImpl.invoke(DelegatingMethodAccessorImpl.java:43)
at java.base/java.lang.reflect.Method.invoke(Method.java:568)
at org.testng.internal.MethodInvocationHelper.invokeMethod(MethodInvocationHelper.java:133)
at org.testng.internal.TestInvoker.invokeMethod(TestInvoker.java:598)
at org.testng.internal.TestInvoker.invokeTestMethod(TestInvoker.java:173)
at org.testng.internal.MethodRunner.runInSequence(MethodRunner.java:46)
at org.testng.internal.TestInvoker$MethodInvocationAgent.invoke(TestInvoker.java:824)
at org.testng.internal.TestInvoker.invokeTestMethods(TestInvoker.java:146)
at org.testng.internal.TestMethodWorker.invokeTestMethods(TestMethodWorker.java:146)
at org.testng.internal.TestMethodWorker.run(TestMethodWorker.java:128)
at java.base/java.util.ArrayList.forEach(ArrayList.java:1511)
at org.testng.TestRunner.privateRun(TestRunner.java:794)
at org.testng.TestRunner.run(TestRunner.java:596)
at org.testng.SuiteRunner.runTest(SuiteRunner.java:377)
at org.testng.SuiteRunner.runSequentially(SuiteRunner.java:371)
at org.testng.SuiteRunner.privateRun(SuiteRunner.java:332)
at org.testng.SuiteRunner.run(SuiteRunner.java:276)
at org.testng.SuiteRunnerWorker.runSuite(SuiteRunnerWorker.java:53)
at org.testng.SuiteRunnerWorker.run(SuiteRunnerWorker.java:96)
at org.testng.TestNG.runSuitesSequentially(TestNG.java:1212)
at org.testng.TestNG.runSuitesLocally(TestNG.java:1134)
at org.testng.TestNG.runSuites(TestNG.java:1063)
at org.testng.TestNG.run(TestNG.java:1031)
at org.testng.remote.AbstractRemoteTestNG.run(AbstractRemoteTestNG.java:115)
at org.testng.remote.RemoteTestNG.initAndRun(RemoteTestNG.java:293)
at org.testng.remote.RemoteTestNG.main(RemoteTestNG.java:91)
]]>
            </full-stacktrace>
          </exception> <!-- java.lang.AssertionError -->
          <reporter-output>
          </reporter-output>
        </test-method> <!-- dwsLoginWrong -->
        <test-method signature="dwsLoginCorrect()[pri:0, instance:extentReport.ExtentREportWithScreenShot@51e69659]" started-at="2024-05-31T10:27:12 IST" name="dwsLoginCorrect" finished-at="2024-05-31T10:27:16 IST" duration-ms="3786" status="PASS">
          <reporter-output>
          </reporter-output>
        </test-method> <!-- dwsLoginCorrect -->
        <test-method is-config="true" signature="beforeMethod()[pri:0, instance:extentReport.ExtentREportWithScreenShot@51e69659]" started-at="2024-05-31T10:27:12 IST" name="beforeMethod" finished-at="2024-05-31T10:27:12 IST" duration-ms="0" status="PASS">
          <reporter-output>
          </reporter-output>
        </test-method> <!-- beforeMethod -->
        <test-method is-config="true" signature="afterMethod()[pri:0, instance:extentReport.ExtentREportWithScreenShot@51e69659]" started-at="2024-05-31T10:27:12 IST" name="afterMethod" finished-at="2024-05-31T10:27:12 IST" duration-ms="0" status="PASS">
          <reporter-output>
          </reporter-output>
        </test-method> <!-- afterMethod -->
        <test-method is-config="true" signature="afterMethod()[pri:0, instance:extentReport.ExtentREportWithScreenShot@51e69659]" started-at="2024-05-31T10:27:16 IST" name="afterMethod" finished-at="2024-05-31T10:27:16 IST" duration-ms="0" status="PASS">
          <reporter-output>
          </reporter-output>
        </test-method> <!-- afterMethod -->
        <test-method signature="redBus()[pri:0, instance:extentReport.ExtentREportWithScreenShot@51e69659]" started-at="2024-05-31T10:27:16 IST" name="redBus" finished-at="2024-05-31T10:27:16 IST" depends-on-methods="extentReport.ExtentREportWithScreenShot.dwsLoginWrong" duration-ms="0" status="SKIP">
          <exception class="java.lang.Throwable">
            <message>
              <![CDATA[Method ExtentREportWithScreenShot.redBus()[pri:0, instance:extentReport.ExtentREportWithScreenShot@51e69659] depends on not successfully finished methods]]>
            </message>
            <full-stacktrace>
              <![CDATA[java.lang.Throwable: Method ExtentREportWithScreenShot.redBus()[pri:0, instance:extentReport.ExtentREportWithScreenShot@51e69659] depends on not successfully finished methods
at org.testng.internal.TestInvoker.invokeTestMethods(TestInvoker.java:102)
at org.testng.internal.TestMethodWorker.invokeTestMethods(TestMethodWorker.java:146)
at org.testng.internal.TestMethodWorker.run(TestMethodWorker.java:128)
at java.base/java.util.ArrayList.forEach(ArrayList.java:1511)
at org.testng.TestRunner.privateRun(TestRunner.java:794)
at org.testng.TestRunner.run(TestRunner.java:596)
at org.testng.SuiteRunner.runTest(SuiteRunner.java:377)
at org.testng.SuiteRunner.runSequentially(SuiteRunner.java:371)
at org.testng.SuiteRunner.privateRun(SuiteRunner.java:332)
at org.testng.SuiteRunner.run(SuiteRunner.java:276)
at org.testng.SuiteRunnerWorker.runSuite(SuiteRunnerWorker.java:53)
at org.testng.SuiteRunnerWorker.run(SuiteRunnerWorker.java:96)
at org.testng.TestNG.runSuitesSequentially(TestNG.java:1212)
at org.testng.TestNG.runSuitesLocally(TestNG.java:1134)
at org.testng.TestNG.runSuites(TestNG.java:1063)
at org.testng.TestNG.run(TestNG.java:1031)
at org.testng.remote.AbstractRemoteTestNG.run(AbstractRemoteTestNG.java:115)
at org.testng.remote.RemoteTestNG.initAndRun(RemoteTestNG.java:293)
at org.testng.remote.RemoteTestNG.main(RemoteTestNG.java:91)
]]>
            </full-stacktrace>
          </exception> <!-- java.lang.Throwable -->
          <reporter-output>
          </reporter-output>
        </test-method> <!-- redBus -->
        <test-method is-config="true" signature="afterClass()[pri:0, instance:extentReport.ExtentREportWithScreenShot@51e69659]" started-at="2024-05-31T10:27:16 IST" name="afterClass" finished-at="2024-05-31T10:27:16 IST" duration-ms="276" status="PASS">
          <reporter-output>
          </reporter-output>
        </test-method> <!-- afterClass -->
      </class> <!-- extentReport.ExtentREportWithScreenShot -->
    </test> <!-- Default test -->
  </suite> <!-- Default suite -->
</testng-results>
